{"7409095515dd2a400334a443c39b9e49":{"statistic":{"failed":0,"broken":2,"skipped":0,"passed":0,"unknown":0,"total":2},"items":[{"uid":"49e4f3ba9ac5312d","reportUrl":"https://alekseimelnik.github.io/deel-coding-challenge/3//#testresult/49e4f3ba9ac5312d","status":"broken","statusDetails":"Could not start a new session. Response code 500. Message: session not created: Chrome failed to start: exited normally.\n  (session not created: DevToolsActivePort file doesn't exist)\n  (The process started from chrome location /usr/bin/google-chrome is no longer running, so ChromeDriver is assuming that Chrome has crashed.) \nHost info: host: 'fv-az1113-273', ip: '10.1.0.43'\nBuild info: version: '4.16.1', revision: '9b4c83354e'\nSystem info: os.name: 'Linux', os.arch: 'amd64', os.version: '6.2.0-1018-azure', java.version: '21.0.2'\nDriver info: org.openqa.selenium.chrome.ChromeDriver\nCommand: [null, newSession {capabilities=[Capabilities {acceptInsecureCerts: true, browserName: chrome, goog:chromeOptions: {args: [--proxy-bypass-list=<-loopb..., --disable-dev-shm-usage, --window-size=1920,1080], binary: /usr/bin/google-chrome, excludeSwitches: [enable-automation, load-extension], extensions: [], prefs: {credentials_enable_service: false, download.default_directory: /home/runner/work/deel-codi..., plugins.always_open_pdf_externally: true, profile.default_content_setting_values.automatic_downloads: 1, safebrowsing.enabled: true}}, pageLoadStrategy: normal, unhandledPromptBehavior: accept}]}]\nselenide.url: https://growth.deel.training/dev/salary-insights\nselenide.baseUrl: https://growth.deel.training/dev/salary-insights","time":{"start":1705501530348,"stop":1705501530574,"duration":226}},{"uid":"cff9443d935e23e8","reportUrl":"https://alekseimelnik.github.io/deel-coding-challenge/2//#testresult/cff9443d935e23e8","status":"broken","statusDetails":"Could not start a new session. Response code 500. Message: session not created: Chrome failed to start: exited normally.\n  (session not created: DevToolsActivePort file doesn't exist)\n  (The process started from chrome location /usr/bin/google-chrome is no longer running, so ChromeDriver is assuming that Chrome has crashed.) \nHost info: host: 'fv-az1272-558', ip: '10.1.0.190'\nBuild info: version: '4.16.1', revision: '9b4c83354e'\nSystem info: os.name: 'Linux', os.arch: 'amd64', os.version: '6.2.0-1018-azure', java.version: '21.0.2'\nDriver info: org.openqa.selenium.chrome.ChromeDriver\nCommand: [null, newSession {capabilities=[Capabilities {acceptInsecureCerts: true, browserName: chrome, goog:chromeOptions: {args: [--proxy-bypass-list=<-loopb..., --disable-dev-shm-usage, --window-size=1920,1080], binary: /usr/bin/google-chrome, excludeSwitches: [enable-automation, load-extension], extensions: [], prefs: {credentials_enable_service: false, download.default_directory: /home/runner/work/deel-codi..., plugins.always_open_pdf_externally: true, profile.default_content_setting_values.automatic_downloads: 1, safebrowsing.enabled: true}}, pageLoadStrategy: normal, unhandledPromptBehavior: accept}]}]\nselenide.url: https://growth.deel.training/dev/salary-insights\nselenide.baseUrl: https://growth.deel.training/dev/salary-insights","time":{"start":1705496890519,"stop":1705496890728,"duration":209}}]},"a3ed7006323e59d14eba07fade0546d8":{"statistic":{"failed":0,"broken":1,"skipped":0,"passed":0,"unknown":0,"total":1},"items":[{"uid":"6839ab85e5fdfc76","reportUrl":"https://alekseimelnik.github.io/deel-coding-challenge/1//#testresult/6839ab85e5fdfc76","status":"broken","statusDetails":"Could not start a new session. Response code 500. Message: session not created: Chrome failed to start: exited normally.\n  (session not created: DevToolsActivePort file doesn't exist)\n  (The process started from chrome location /usr/bin/google-chrome is no longer running, so ChromeDriver is assuming that Chrome has crashed.) \nHost info: host: 'fv-az1208-545', ip: '10.1.0.7'\nBuild info: version: '4.16.1', revision: '9b4c83354e'\nSystem info: os.name: 'Linux', os.arch: 'amd64', os.version: '6.2.0-1018-azure', java.version: '21.0.2'\nDriver info: org.openqa.selenium.chrome.ChromeDriver\nCommand: [null, newSession {capabilities=[Capabilities {acceptInsecureCerts: true, browserName: chrome, goog:chromeOptions: {args: [--proxy-bypass-list=<-loopb..., --disable-dev-shm-usage, --window-size=1920,1080], binary: /usr/bin/google-chrome, excludeSwitches: [enable-automation, load-extension], extensions: [], prefs: {credentials_enable_service: false, download.default_directory: /home/runner/work/deel-codi..., plugins.always_open_pdf_externally: true, profile.default_content_setting_values.automatic_downloads: 1, safebrowsing.enabled: true}}, pageLoadStrategy: normal, unhandledPromptBehavior: accept}]}]\nselenide.url: https://growth.deel.training/dev/salary-insights\nselenide.baseUrl: https://growth.deel.training/dev/salary-insights","time":{"start":1705494237387,"stop":1705494238980,"duration":1593}}]},"78d1b39ec5cfd5e67c65e2ea2a4d4082":{"statistic":{"failed":3,"broken":2,"skipped":0,"passed":2,"unknown":0,"total":7},"items":[{"uid":"9d733ea57a35bad5","reportUrl":"https://alekseimelnik.github.io/deel-coding-challenge/8//#testresult/9d733ea57a35bad5","status":"failed","statusDetails":"Invalid element state [Submit button]: element click intercepted: Element <button class=\"MuiButtonBase-root MuiButton-root MuiButton-contained MuiButton-containedPrimary MuiButton-sizeLarge MuiButton-containedSizeLarge MuiButton-root MuiButton-contained MuiButton-containedPrimary MuiButton-sizeLarge MuiButton-containedSizeLarge css-1b4lcnj\" tabindex=\"0\" type=\"submit\">...</button> is not clickable at point (1260, 533). Other element would receive the click: <div class=\"MuiBox-root css-1vjo46s\">...</div>\nScreenshot: file:/home/runner/work/deel-coding-challenge/deel-coding-challenge/build/reports/tests/1705504195024.0.png\nPage source: file:/home/runner/work/deel-coding-challenge/deel-coding-challenge/build/reports/tests/1705504195024.0.html\nTimeout: 4 s.\nCaused by: ElementClickInterceptedException: element click intercepted: Element <button class=\"MuiButtonBase-root MuiButton-root MuiButton-contained MuiButton-containedPrimary MuiButton-sizeLarge MuiButton-containedSizeLarge MuiButton-root MuiButton-contained MuiButton-containedPrimary MuiButton-sizeLarge MuiButton-containedSizeLarge css-1b4lcnj\" tabindex=\"0\" type=\"submit\">...</button> is not clickable at point (1260, 533). Other element would receive the click: <div class=\"MuiBox-root css-1vjo46s\">...</div>","time":{"start":1705504174847,"stop":1705504195413,"duration":20566}},{"uid":"e9663f58848334a0","reportUrl":"https://alekseimelnik.github.io/deel-coding-challenge/7//#testresult/e9663f58848334a0","status":"failed","statusDetails":"Invalid element state [Submit button]: element click intercepted: Element <button class=\"MuiButtonBase-root MuiButton-root MuiButton-contained MuiButton-containedPrimary MuiButton-sizeLarge MuiButton-containedSizeLarge MuiButton-root MuiButton-contained MuiButton-containedPrimary MuiButton-sizeLarge MuiButton-containedSizeLarge css-1b4lcnj\" tabindex=\"0\" type=\"submit\">...</button> is not clickable at point (1260, 533). Other element would receive the click: <div class=\"MuiBox-root css-1vjo46s\">...</div>\nScreenshot: file:/home/runner/work/deel-coding-challenge/deel-coding-challenge/build/reports/tests/1705504010654.0.png\nPage source: file:/home/runner/work/deel-coding-challenge/deel-coding-challenge/build/reports/tests/1705504010654.0.html\nTimeout: 4 s.\nCaused by: ElementClickInterceptedException: element click intercepted: Element <button class=\"MuiButtonBase-root MuiButton-root MuiButton-contained MuiButton-containedPrimary MuiButton-sizeLarge MuiButton-containedSizeLarge MuiButton-root MuiButton-contained MuiButton-containedPrimary MuiButton-sizeLarge MuiButton-containedSizeLarge css-1b4lcnj\" tabindex=\"0\" type=\"submit\">...</button> is not clickable at point (1260, 533). Other element would receive the click: <div class=\"MuiBox-root css-1vjo46s\">...</div>","time":{"start":1705503990058,"stop":1705504011067,"duration":21009}},{"uid":"bbd9ebc3e00d3fe1","reportUrl":"https://alekseimelnik.github.io/deel-coding-challenge/6//#testresult/bbd9ebc3e00d3fe1","status":"passed","time":{"start":1705503675328,"stop":1705503685139,"duration":9811}},{"uid":"504ca82fd51f2e37","reportUrl":"https://alekseimelnik.github.io/deel-coding-challenge/5//#testresult/504ca82fd51f2e37","status":"failed","statusDetails":"Element \"Header field\" not found {By.xpath: //div[@data-qa='salary-table']}\nExpected: exist\nScreenshot: file:/home/runner/work/deel-coding-challenge/deel-coding-challenge/build/reports/tests/1705503572149.0.png\nPage source: file:/home/runner/work/deel-coding-challenge/deel-coding-challenge/build/reports/tests/1705503572149.0.html\nTimeout: 4 s.\nCaused by: NoSuchElementException: no such element: Unable to locate element: {\"method\":\"xpath\",\"selector\":\"//div[@data-qa='salary-table']\"}","time":{"start":1705503563434,"stop":1705503572494,"duration":9060}},{"uid":"a4973c673626ae82","reportUrl":"https://alekseimelnik.github.io/deel-coding-challenge/4//#testresult/a4973c673626ae82","status":"passed","time":{"start":1705502428496,"stop":1705502438927,"duration":10431}},{"uid":"eefb44a8d3b8de70","reportUrl":"https://alekseimelnik.github.io/deel-coding-challenge/3//#testresult/eefb44a8d3b8de70","status":"broken","statusDetails":"Could not start a new session. Response code 500. Message: session not created: Chrome failed to start: exited normally.\n  (session not created: DevToolsActivePort file doesn't exist)\n  (The process started from chrome location /usr/bin/google-chrome is no longer running, so ChromeDriver is assuming that Chrome has crashed.) \nHost info: host: 'fv-az1113-273', ip: '10.1.0.43'\nBuild info: version: '4.16.1', revision: '9b4c83354e'\nSystem info: os.name: 'Linux', os.arch: 'amd64', os.version: '6.2.0-1018-azure', java.version: '21.0.2'\nDriver info: org.openqa.selenium.chrome.ChromeDriver\nCommand: [null, newSession {capabilities=[Capabilities {acceptInsecureCerts: true, browserName: chrome, goog:chromeOptions: {args: [--proxy-bypass-list=<-loopb..., --disable-dev-shm-usage, --window-size=1920,1080], binary: /usr/bin/google-chrome, excludeSwitches: [enable-automation, load-extension], extensions: [], prefs: {credentials_enable_service: false, download.default_directory: /home/runner/work/deel-codi..., plugins.always_open_pdf_externally: true, profile.default_content_setting_values.automatic_downloads: 1, safebrowsing.enabled: true}}, pageLoadStrategy: normal, unhandledPromptBehavior: accept}]}]\nselenide.url: https://growth.deel.training/dev/salary-insights\nselenide.baseUrl: https://growth.deel.training/dev/salary-insights","time":{"start":1705501528777,"stop":1705501530235,"duration":1458}},{"uid":"1aaefe8b40a0e6e3","reportUrl":"https://alekseimelnik.github.io/deel-coding-challenge/2//#testresult/1aaefe8b40a0e6e3","status":"broken","statusDetails":"Could not start a new session. Response code 500. Message: session not created: Chrome failed to start: exited normally.\n  (session not created: DevToolsActivePort file doesn't exist)\n  (The process started from chrome location /usr/bin/google-chrome is no longer running, so ChromeDriver is assuming that Chrome has crashed.) \nHost info: host: 'fv-az1272-558', ip: '10.1.0.190'\nBuild info: version: '4.16.1', revision: '9b4c83354e'\nSystem info: os.name: 'Linux', os.arch: 'amd64', os.version: '6.2.0-1018-azure', java.version: '21.0.2'\nDriver info: org.openqa.selenium.chrome.ChromeDriver\nCommand: [null, newSession {capabilities=[Capabilities {acceptInsecureCerts: true, browserName: chrome, goog:chromeOptions: {args: [--proxy-bypass-list=<-loopb..., --disable-dev-shm-usage, --window-size=1920,1080], binary: /usr/bin/google-chrome, excludeSwitches: [enable-automation, load-extension], extensions: [], prefs: {credentials_enable_service: false, download.default_directory: /home/runner/work/deel-codi..., plugins.always_open_pdf_externally: true, profile.default_content_setting_values.automatic_downloads: 1, safebrowsing.enabled: true}}, pageLoadStrategy: normal, unhandledPromptBehavior: accept}]}]\nselenide.url: https://growth.deel.training/dev/salary-insights\nselenide.baseUrl: https://growth.deel.training/dev/salary-insights","time":{"start":1705496883195,"stop":1705496890380,"duration":7185}}]}}